usage: D:\node\node_global\node_modules\appium\build\lib\main.js
       [-h] [-v] [--shell] [--allow-cors] [--reboot] [--ipa IPA] [-a ADDRESS]
       [-p PORT] [-pa BASEPATH] [-ca CALLBACKADDRESS] [-cp CALLBACKPORT]
       [-bp BOOTSTRAPPORT] [-r BACKENDRETRIES] [--session-override] [-l]
       [-g LOGFILE]
       [--log-level {info,info:debug,info:info,info:warn,info:error,warn,warn:debug,warn:info,warn:warn,warn:error,error,error:debug,error:info,error:warn,error:error,debug,debug:debug,debug:info,debug:warn,debug:error}]
       [--log-timestamp] [--local-timezone] [--log-no-colors] [-G WEBHOOK]
       [--safari] [--default-device] [--force-iphone] [--force-ipad]
       [--tracetemplate AUTOMATIONTRACETEMPLATEPATH]
       [--instruments INSTRUMENTSPATH] [--nodeconfig NODECONFIG]
       [-ra ROBOTADDRESS] [-rp ROBOTPORT]
       [--chromedriver-port CHROMEDRIVERPORT]
       [--chromedriver-executable CHROMEDRIVEREXECUTABLE] [--show-config]
       [--no-perms-check] [--strict-caps] [--isolate-sim-device]
       [--tmp TMPDIR] [--trace-dir TRACEDIR] [--debug-log-spacing]
       [--suppress-adb-kill-server] [--long-stacktrace]
       [--webkit-debug-proxy-port WEBKITDEBUGPROXYPORT]
       [--webdriveragent-port WDALOCALPORT] [-dc DEFAULTCAPABILITIES]
       [--relaxed-security] [--allow-insecure ALLOWINSECURE]
       [--deny-insecure DENYINSECURE]
       [--command-timeout DEFAULTCOMMANDTIMEOUT] [-k]
       [--platform-name PLATFORMNAME] [--platform-version PLATFORMVERSION]
       [--automation-name AUTOMATIONNAME] [--device-name DEVICENAME]
       [--browser-name BROWSERNAME] [--app APP] [-lt LAUNCHTIMEOUT]
       [--language LANGUAGE] [--locale LOCALE] [-U UDID]
       [--orientation ORIENTATION] [--no-reset] [--full-reset]
       [--app-pkg APPPACKAGE] [--app-activity APPACTIVITY]
       [--app-wait-package APPWAITPACKAGE]
       [--app-wait-activity APPWAITACTIVITY]
       [--device-ready-timeout DEVICEREADYTIMEOUT]
       [--android-coverage ANDROIDCOVERAGE] [--avd AVD] [--avd-args AVDARGS]
       [--use-keystore] [--keystore-path KEYSTOREPATH]
       [--keystore-password KEYSTOREPASSWORD] [--key-alias KEYALIAS]
       [--key-password KEYPASSWORD] [--intent-action INTENTACTION]
       [--intent-category INTENTCATEGORY] [--intent-flags INTENTFLAGS]
       [--intent-args OPTIONALINTENTARGUMENTS] [--dont-stop-app-on-reset]
       [--calendar-format CALENDARFORMAT] [--native-instruments-lib]
       [--keep-keychains] [--localizable-strings-dir LOCALIZABLESTRINGSDIR]
       [--show-ios-log] [--async-trace]
       
D:\node\node_global\node_modules\appium\build\lib\main.js: error: Unrecognized arguments: bootstrap-port 4724.

D:\Python3\code\yzmbwf\base>usage: D:\node\node_global\node_modules\appium\build\lib\main.js
       [-h] [-v] [--shell] [--allow-cors] [--reboot] [--ipa IPA] [-a ADDRESS]
       [-p PORT] [-pa BASEPATH] [-ca CALLBACKADDRESS] [-cp CALLBACKPORT]
       [-bp BOOTSTRAPPORT] [-r BACKENDRETRIES] [--session-override] [-l]
       [-g LOGFILE]
       [--log-level {info,info:debug,info:info,info:warn,info:error,warn,warn:debug,warn:info,warn:warn,warn:error,error,error:debug,error:info,error:warn,error:error,debug,debug:debug,debug:info,debug:warn,debug:error}]
       [--log-timestamp] [--local-timezone] [--log-no-colors] [-G WEBHOOK]
       [--safari] [--default-device] [--force-iphone] [--force-ipad]
       [--tracetemplate AUTOMATIONTRACETEMPLATEPATH]
       [--instruments INSTRUMENTSPATH] [--nodeconfig NODECONFIG]
       [-ra ROBOTADDRESS] [-rp ROBOTPORT]
       [--chromedriver-port CHROMEDRIVERPORT]
       [--chromedriver-executable CHROMEDRIVEREXECUTABLE] [--show-config]
       [--no-perms-check] [--strict-caps] [--isolate-sim-device]
       [--tmp TMPDIR] [--trace-dir TRACEDIR] [--debug-log-spacing]
       [--suppress-adb-kill-server] [--long-stacktrace]
       [--webkit-debug-proxy-port WEBKITDEBUGPROXYPORT]
       [--webdriveragent-port WDALOCALPORT] [-dc DEFAULTCAPABILITIES]
       [--relaxed-security] [--allow-insecure ALLOWINSECURE]
       [--deny-insecure DENYINSECURE]
       [--command-timeout DEFAULTCOMMANDTIMEOUT] [-k]
       [--platform-name PLATFORMNAME] [--platform-version PLATFORMVERSION]
       [--automation-name AUTOMATIONNAME] [--device-name DEVICENAME]
       [--browser-name BROWSERNAME] [--app APP] [-lt LAUNCHTIMEOUT]
       [--language LANGUAGE] [--locale LOCALE] [-U UDID]
       [--orientation ORIENTATION] [--no-reset] [--full-reset]
       [--app-pkg APPPACKAGE] [--app-activity APPACTIVITY]
       [--app-wait-package APPWAITPACKAGE]
       [--app-wait-activity APPWAITACTIVITY]
       [--device-ready-timeout DEVICEREADYTIMEOUT]
       [--android-coverage ANDROIDCOVERAGE] [--avd AVD] [--avd-args AVDARGS]
       [--use-keystore] [--keystore-path KEYSTOREPATH]
       [--keystore-password KEYSTOREPASSWORD] [--key-alias KEYALIAS]
       [--key-password KEYPASSWORD] [--intent-action INTENTACTION]
       [--intent-category INTENTCATEGORY] [--intent-flags INTENTFLAGS]
       [--intent-args OPTIONALINTENTARGUMENTS] [--dont-stop-app-on-reset]
       [--calendar-format CALENDARFORMAT] [--native-instruments-lib]
       [--keep-keychains] [--localizable-strings-dir LOCALIZABLESTRINGSDIR]
       [--show-ios-log] [--async-trace]
       
D:\node\node_global\node_modules\appium\build\lib\main.js: error: Unrecognized arguments: bootstrap-port 4724.

D:\Python3\code\yzmbwf\base>usage: D:\node\node_global\node_modules\appium\build\lib\main.js
       [-h] [-v] [--shell] [--allow-cors] [--reboot] [--ipa IPA] [-a ADDRESS]
       [-p PORT] [-pa BASEPATH] [-ca CALLBACKADDRESS] [-cp CALLBACKPORT]
       [-bp BOOTSTRAPPORT] [-r BACKENDRETRIES] [--session-override] [-l]
       [-g LOGFILE]
       [--log-level {info,info:debug,info:info,info:warn,info:error,warn,warn:debug,warn:info,warn:warn,warn:error,error,error:debug,error:info,error:warn,error:error,debug,debug:debug,debug:info,debug:warn,debug:error}]
       [--log-timestamp] [--local-timezone] [--log-no-colors] [-G WEBHOOK]
       [--safari] [--default-device] [--force-iphone] [--force-ipad]
       [--tracetemplate AUTOMATIONTRACETEMPLATEPATH]
       [--instruments INSTRUMENTSPATH] [--nodeconfig NODECONFIG]
       [-ra ROBOTADDRESS] [-rp ROBOTPORT]
       [--chromedriver-port CHROMEDRIVERPORT]
       [--chromedriver-executable CHROMEDRIVEREXECUTABLE] [--show-config]
       [--no-perms-check] [--strict-caps] [--isolate-sim-device]
       [--tmp TMPDIR] [--trace-dir TRACEDIR] [--debug-log-spacing]
       [--suppress-adb-kill-server] [--long-stacktrace]
       [--webkit-debug-proxy-port WEBKITDEBUGPROXYPORT]
       [--webdriveragent-port WDALOCALPORT] [-dc DEFAULTCAPABILITIES]
       [--relaxed-security] [--allow-insecure ALLOWINSECURE]
       [--deny-insecure DENYINSECURE]
       [--command-timeout DEFAULTCOMMANDTIMEOUT] [-k]
       [--platform-name PLATFORMNAME] [--platform-version PLATFORMVERSION]
       [--automation-name AUTOMATIONNAME] [--device-name DEVICENAME]
       [--browser-name BROWSERNAME] [--app APP] [-lt LAUNCHTIMEOUT]
       [--language LANGUAGE] [--locale LOCALE] [-U UDID]
       [--orientation ORIENTATION] [--no-reset] [--full-reset]
       [--app-pkg APPPACKAGE] [--app-activity APPACTIVITY]
       [--app-wait-package APPWAITPACKAGE]
       [--app-wait-activity APPWAITACTIVITY]
       [--device-ready-timeout DEVICEREADYTIMEOUT]
       [--android-coverage ANDROIDCOVERAGE] [--avd AVD] [--avd-args AVDARGS]
       [--use-keystore] [--keystore-path KEYSTOREPATH]
       [--keystore-password KEYSTOREPASSWORD] [--key-alias KEYALIAS]
       [--key-password KEYPASSWORD] [--intent-action INTENTACTION]
       [--intent-category INTENTCATEGORY] [--intent-flags INTENTFLAGS]
       [--intent-args OPTIONALINTENTARGUMENTS] [--dont-stop-app-on-reset]
       [--calendar-format CALENDARFORMAT] [--native-instruments-lib]
       [--keep-keychains] [--localizable-strings-dir LOCALIZABLESTRINGSDIR]
       [--show-ios-log] [--async-trace]
       
D:\node\node_global\node_modules\appium\build\lib\main.js: error: Unrecognized arguments: bootstrap-port 4724.

D:\Python3\code\yzmbwf\base>usage: D:\node\node_global\node_modules\appium\build\lib\main.js
       [-h] [-v] [--shell] [--allow-cors] [--reboot] [--ipa IPA] [-a ADDRESS]
       [-p PORT] [-pa BASEPATH] [-ca CALLBACKADDRESS] [-cp CALLBACKPORT]
       [-bp BOOTSTRAPPORT] [-r BACKENDRETRIES] [--session-override] [-l]
       [-g LOGFILE]
       [--log-level {info,info:debug,info:info,info:warn,info:error,warn,warn:debug,warn:info,warn:warn,warn:error,error,error:debug,error:info,error:warn,error:error,debug,debug:debug,debug:info,debug:warn,debug:error}]
       [--log-timestamp] [--local-timezone] [--log-no-colors] [-G WEBHOOK]
       [--safari] [--default-device] [--force-iphone] [--force-ipad]
       [--tracetemplate AUTOMATIONTRACETEMPLATEPATH]
       [--instruments INSTRUMENTSPATH] [--nodeconfig NODECONFIG]
       [-ra ROBOTADDRESS] [-rp ROBOTPORT]
       [--chromedriver-port CHROMEDRIVERPORT]
       [--chromedriver-executable CHROMEDRIVEREXECUTABLE] [--show-config]
       [--no-perms-check] [--strict-caps] [--isolate-sim-device]
       [--tmp TMPDIR] [--trace-dir TRACEDIR] [--debug-log-spacing]
       [--suppress-adb-kill-server] [--long-stacktrace]
       [--webkit-debug-proxy-port WEBKITDEBUGPROXYPORT]
       [--webdriveragent-port WDALOCALPORT] [-dc DEFAULTCAPABILITIES]
       [--relaxed-security] [--allow-insecure ALLOWINSECURE]
       [--deny-insecure DENYINSECURE]
       [--command-timeout DEFAULTCOMMANDTIMEOUT] [-k]
       [--platform-name PLATFORMNAME] [--platform-version PLATFORMVERSION]
       [--automation-name AUTOMATIONNAME] [--device-name DEVICENAME]
       [--browser-name BROWSERNAME] [--app APP] [-lt LAUNCHTIMEOUT]
       [--language LANGUAGE] [--locale LOCALE] [-U UDID]
       [--orientation ORIENTATION] [--no-reset] [--full-reset]
       [--app-pkg APPPACKAGE] [--app-activity APPACTIVITY]
       [--app-wait-package APPWAITPACKAGE]
       [--app-wait-activity APPWAITACTIVITY]
       [--device-ready-timeout DEVICEREADYTIMEOUT]
       [--android-coverage ANDROIDCOVERAGE] [--avd AVD] [--avd-args AVDARGS]
       [--use-keystore] [--keystore-path KEYSTOREPATH]
       [--keystore-password KEYSTOREPASSWORD] [--key-alias KEYALIAS]
       [--key-password KEYPASSWORD] [--intent-action INTENTACTION]
       [--intent-category INTENTCATEGORY] [--intent-flags INTENTFLAGS]
       [--intent-args OPTIONALINTENTARGUMENTS] [--dont-stop-app-on-reset]
       [--calendar-format CALENDARFORMAT] [--native-instruments-lib]
       [--keep-keychains] [--localizable-strings-dir LOCALIZABLESTRINGSDIR]
       [--show-ios-log] [--async-trace]
       
D:\node\node_global\node_modules\appium\build\lib\main.js: error: Unrecognized arguments: bootstrap-port 4724.

D:\Python3\code\yzmbwf\base>usage: D:\node\node_global\node_modules\appium\build\lib\main.js
       [-h] [-v] [--shell] [--allow-cors] [--reboot] [--ipa IPA] [-a ADDRESS]
       [-p PORT] [-pa BASEPATH] [-ca CALLBACKADDRESS] [-cp CALLBACKPORT]
       [-bp BOOTSTRAPPORT] [-r BACKENDRETRIES] [--session-override] [-l]
       [-g LOGFILE]
       [--log-level {info,info:debug,info:info,info:warn,info:error,warn,warn:debug,warn:info,warn:warn,warn:error,error,error:debug,error:info,error:warn,error:error,debug,debug:debug,debug:info,debug:warn,debug:error}]
       [--log-timestamp] [--local-timezone] [--log-no-colors] [-G WEBHOOK]
       [--safari] [--default-device] [--force-iphone] [--force-ipad]
       [--tracetemplate AUTOMATIONTRACETEMPLATEPATH]
       [--instruments INSTRUMENTSPATH] [--nodeconfig NODECONFIG]
       [-ra ROBOTADDRESS] [-rp ROBOTPORT]
       [--chromedriver-port CHROMEDRIVERPORT]
       [--chromedriver-executable CHROMEDRIVEREXECUTABLE] [--show-config]
       [--no-perms-check] [--strict-caps] [--isolate-sim-device]
       [--tmp TMPDIR] [--trace-dir TRACEDIR] [--debug-log-spacing]
       [--suppress-adb-kill-server] [--long-stacktrace]
       [--webkit-debug-proxy-port WEBKITDEBUGPROXYPORT]
       [--webdriveragent-port WDALOCALPORT] [-dc DEFAULTCAPABILITIES]
       [--relaxed-security] [--allow-insecure ALLOWINSECURE]
       [--deny-insecure DENYINSECURE]
       [--command-timeout DEFAULTCOMMANDTIMEOUT] [-k]
       [--platform-name PLATFORMNAME] [--platform-version PLATFORMVERSION]
       [--automation-name AUTOMATIONNAME] [--device-name DEVICENAME]
       [--browser-name BROWSERNAME] [--app APP] [-lt LAUNCHTIMEOUT]
       [--language LANGUAGE] [--locale LOCALE] [-U UDID]
       [--orientation ORIENTATION] [--no-reset] [--full-reset]
       [--app-pkg APPPACKAGE] [--app-activity APPACTIVITY]
       [--app-wait-package APPWAITPACKAGE]
       [--app-wait-activity APPWAITACTIVITY]
       [--device-ready-timeout DEVICEREADYTIMEOUT]
       [--android-coverage ANDROIDCOVERAGE] [--avd AVD] [--avd-args AVDARGS]
       [--use-keystore] [--keystore-path KEYSTOREPATH]
       [--keystore-password KEYSTOREPASSWORD] [--key-alias KEYALIAS]
       [--key-password KEYPASSWORD] [--intent-action INTENTACTION]
       [--intent-category INTENTCATEGORY] [--intent-flags INTENTFLAGS]
       [--intent-args OPTIONALINTENTARGUMENTS] [--dont-stop-app-on-reset]
       [--calendar-format CALENDARFORMAT] [--native-instruments-lib]
       [--keep-keychains] [--localizable-strings-dir LOCALIZABLESTRINGSDIR]
       [--show-ios-log] [--async-trace]
       
D:\node\node_global\node_modules\appium\build\lib\main.js: error: Unrecognized arguments: bootstrap-port 4724.

D:\Python3\code\yzmbwf\base>usage: D:\node\node_global\node_modules\appium\build\lib\main.js
       [-h] [-v] [--shell] [--allow-cors] [--reboot] [--ipa IPA] [-a ADDRESS]
       [-p PORT] [-pa BASEPATH] [-ca CALLBACKADDRESS] [-cp CALLBACKPORT]
       [-bp BOOTSTRAPPORT] [-r BACKENDRETRIES] [--session-override] [-l]
       [-g LOGFILE]
       [--log-level {info,info:debug,info:info,info:warn,info:error,warn,warn:debug,warn:info,warn:warn,warn:error,error,error:debug,error:info,error:warn,error:error,debug,debug:debug,debug:info,debug:warn,debug:error}]
       [--log-timestamp] [--local-timezone] [--log-no-colors] [-G WEBHOOK]
       [--safari] [--default-device] [--force-iphone] [--force-ipad]
       [--tracetemplate AUTOMATIONTRACETEMPLATEPATH]
       [--instruments INSTRUMENTSPATH] [--nodeconfig NODECONFIG]
       [-ra ROBOTADDRESS] [-rp ROBOTPORT]
       [--chromedriver-port CHROMEDRIVERPORT]
       [--chromedriver-executable CHROMEDRIVEREXECUTABLE] [--show-config]
       [--no-perms-check] [--strict-caps] [--isolate-sim-device]
       [--tmp TMPDIR] [--trace-dir TRACEDIR] [--debug-log-spacing]
       [--suppress-adb-kill-server] [--long-stacktrace]
       [--webkit-debug-proxy-port WEBKITDEBUGPROXYPORT]
       [--webdriveragent-port WDALOCALPORT] [-dc DEFAULTCAPABILITIES]
       [--relaxed-security] [--allow-insecure ALLOWINSECURE]
       [--deny-insecure DENYINSECURE]
       [--command-timeout DEFAULTCOMMANDTIMEOUT] [-k]
       [--platform-name PLATFORMNAME] [--platform-version PLATFORMVERSION]
       [--automation-name AUTOMATIONNAME] [--device-name DEVICENAME]
       [--browser-name BROWSERNAME] [--app APP] [-lt LAUNCHTIMEOUT]
       [--language LANGUAGE] [--locale LOCALE] [-U UDID]
       [--orientation ORIENTATION] [--no-reset] [--full-reset]
       [--app-pkg APPPACKAGE] [--app-activity APPACTIVITY]
       [--app-wait-package APPWAITPACKAGE]
       [--app-wait-activity APPWAITACTIVITY]
       [--device-ready-timeout DEVICEREADYTIMEOUT]
       [--android-coverage ANDROIDCOVERAGE] [--avd AVD] [--avd-args AVDARGS]
       [--use-keystore] [--keystore-path KEYSTOREPATH]
       [--keystore-password KEYSTOREPASSWORD] [--key-alias KEYALIAS]
       [--key-password KEYPASSWORD] [--intent-action INTENTACTION]
       [--intent-category INTENTCATEGORY] [--intent-flags INTENTFLAGS]
       [--intent-args OPTIONALINTENTARGUMENTS] [--dont-stop-app-on-reset]
       [--calendar-format CALENDARFORMAT] [--native-instruments-lib]
       [--keep-keychains] [--localizable-strings-dir LOCALIZABLESTRINGSDIR]
       [--show-ios-log] [--async-trace]
       
D:\node\node_global\node_modules\appium\build\lib\main.js: error: Unrecognized arguments: bootstrap-port 4724.

D:\Python3\code\yzmbwf\base>usage: D:\node\node_global\node_modules\appium\build\lib\main.js
       [-h] [-v] [--shell] [--allow-cors] [--reboot] [--ipa IPA] [-a ADDRESS]
       [-p PORT] [-pa BASEPATH] [-ca CALLBACKADDRESS] [-cp CALLBACKPORT]
       [-bp BOOTSTRAPPORT] [-r BACKENDRETRIES] [--session-override] [-l]
       [-g LOGFILE]
       [--log-level {info,info:debug,info:info,info:warn,info:error,warn,warn:debug,warn:info,warn:warn,warn:error,error,error:debug,error:info,error:warn,error:error,debug,debug:debug,debug:info,debug:warn,debug:error}]
       [--log-timestamp] [--local-timezone] [--log-no-colors] [-G WEBHOOK]
       [--safari] [--default-device] [--force-iphone] [--force-ipad]
       [--tracetemplate AUTOMATIONTRACETEMPLATEPATH]
       [--instruments INSTRUMENTSPATH] [--nodeconfig NODECONFIG]
       [-ra ROBOTADDRESS] [-rp ROBOTPORT]
       [--chromedriver-port CHROMEDRIVERPORT]
       [--chromedriver-executable CHROMEDRIVEREXECUTABLE] [--show-config]
       [--no-perms-check] [--strict-caps] [--isolate-sim-device]
       [--tmp TMPDIR] [--trace-dir TRACEDIR] [--debug-log-spacing]
       [--suppress-adb-kill-server] [--long-stacktrace]
       [--webkit-debug-proxy-port WEBKITDEBUGPROXYPORT]
       [--webdriveragent-port WDALOCALPORT] [-dc DEFAULTCAPABILITIES]
       [--relaxed-security] [--allow-insecure ALLOWINSECURE]
       [--deny-insecure DENYINSECURE]
       [--command-timeout DEFAULTCOMMANDTIMEOUT] [-k]
       [--platform-name PLATFORMNAME] [--platform-version PLATFORMVERSION]
       [--automation-name AUTOMATIONNAME] [--device-name DEVICENAME]
       [--browser-name BROWSERNAME] [--app APP] [-lt LAUNCHTIMEOUT]
       [--language LANGUAGE] [--locale LOCALE] [-U UDID]
       [--orientation ORIENTATION] [--no-reset] [--full-reset]
       [--app-pkg APPPACKAGE] [--app-activity APPACTIVITY]
       [--app-wait-package APPWAITPACKAGE]
       [--app-wait-activity APPWAITACTIVITY]
       [--device-ready-timeout DEVICEREADYTIMEOUT]
       [--android-coverage ANDROIDCOVERAGE] [--avd AVD] [--avd-args AVDARGS]
       [--use-keystore] [--keystore-path KEYSTOREPATH]
       [--keystore-password KEYSTOREPASSWORD] [--key-alias KEYALIAS]
       [--key-password KEYPASSWORD] [--intent-action INTENTACTION]
       [--intent-category INTENTCATEGORY] [--intent-flags INTENTFLAGS]
       [--intent-args OPTIONALINTENTARGUMENTS] [--dont-stop-app-on-reset]
       [--calendar-format CALENDARFORMAT] [--native-instruments-lib]
       [--keep-keychains] [--localizable-strings-dir LOCALIZABLESTRINGSDIR]
       [--show-ios-log] [--async-trace]
       
D:\node\node_global\node_modules\appium\build\lib\main.js: error: Unrecognized arguments: bootstrap-port 4724.

D:\Python3\code\yzmbwf\base>